outputs/logs/manifest-merger-debug-report.txt
-- Merging decision tree log ---
manifest
ADDED from src\main\AndroidManifest.xml:2:1-51:12
INJECTED from src\main\AndroidManifest.xml:2:1-51:12
INJECTED from src\main\AndroidManifest.xml:2:1-51:12
INJECTED from src\main\AndroidManifest.xml:2:1-51:12
MERGED from [com.facebook.android:facebook-login:17.0.1] AndroidManifest.xml:9:1-19:12
MERGED from [androidx.credentials:credentials:1.3.0-beta01] AndroidManifest.xml:2:1-7:12
MERGED from [androidx.credentials:credentials-play-services-auth:1.3.0-beta01] AndroidManifest.xml:17:1-44:12
MERGED from [com.google.android.libraries.identity.googleid:googleid:1.1.1] AndroidManifest.xml:2:1-7:12
MERGED from [com.google.dagger:hilt-android:2.51.1] AndroidManifest.xml:16:1-19:12
MERGED from [androidx.navigation:navigation-common:2.8.0] AndroidManifest.xml:17:1-22:12
MERGED from [androidx.navigation:navigation-runtime:2.8.0] AndroidManifest.xml:17:1-22:12
MERGED from [androidx.navigation:navigation-common-ktx:2.8.0] AndroidManifest.xml:2:1-7:12
MERGED from [androidx.navigation:navigation-runtime-ktx:2.8.0] AndroidManifest.xml:2:1-7:12
MERGED from [androidx.navigation:navigation-compose:2.8.0] AndroidManifest.xml:2:1-7:12
MERGED from [com.facebook.android:facebook-common:17.0.1] AndroidManifest.xml:9:1-44:12
MERGED from [com.facebook.android:facebook-core:17.0.1] AndroidManifest.xml:9:1-50:12
MERGED from [androidx.appcompat:appcompat:1.1.0] AndroidManifest.xml:17:1-24:12
MERGED from [androidx.legacy:legacy-support-v4:1.0.0] AndroidManifest.xml:17:1-22:12
MERGED from [androidx.browser:browser:1.0.0] AndroidManifest.xml:17:1-22:12
MERGED from [androidx.legacy:legacy-support-core-ui:1.0.0] AndroidManifest.xml:17:1-22:12
MERGED from [androidx.legacy:legacy-support-core-utils:1.0.0] AndroidManifest.xml:17:1-22:12
MERGED from [com.google.android.gms:play-services-auth:21.1.1] AndroidManifest.xml:17:1-40:12
MERGED from [com.google.android.gms:play-services-fido:21.0.0] AndroidManifest.xml:2:1-10:12
MERGED from [com.google.android.gms:play-services-auth-api-phone:18.0.2] AndroidManifest.xml:2:1-7:12
MERGED from [com.google.android.gms:play-services-auth-base:18.0.10] AndroidManifest.xml:2:1-7:12
MERGED from [com.google.android.gms:play-services-base:18.3.0] AndroidManifest.xml:16:1-24:12
MERGED from [com.google.android.gms:play-services-tasks:18.1.0] AndroidManifest.xml:2:1-6:12
MERGED from [com.google.android.gms:play-services-basement:18.3.0] AndroidManifest.xml:16:1-26:12
MERGED from [androidx.fragment:fragment:1.5.7] AndroidManifest.xml:17:1-24:12
MERGED from [androidx.loader:loader:1.0.0] AndroidManifest.xml:17:1-22:12
MERGED from [androidx.compose.material3:material3-android:1.3.0] AndroidManifest.xml:17:1-22:12
MERGED from [androidx.compose.material:material-android:1.7.1] AndroidManifest.xml:2:1-7:12
MERGED from [androidx.compose.material:material-ripple-android:1.7.1] AndroidManifest.xml:2:1-7:12
MERGED from [androidx.compose.foundation:foundation-android:1.7.1] AndroidManifest.xml:2:1-7:12
MERGED from [androidx.compose.foundation:foundation-layout-android:1.7.1] AndroidManifest.xml:2:1-7:12
MERGED from [androidx.compose.animation:animation-core-android:1.7.1] AndroidManifest.xml:2:1-7:12
MERGED from [androidx.compose.animation:animation-android:1.7.1] AndroidManifest.xml:2:1-7:12
MERGED from [androidx.compose.ui:ui-tooling-data-android:1.7.1] AndroidManifest.xml:2:1-7:12
MERGED from [androidx.compose.ui:ui-text-android:1.7.1] AndroidManifest.xml:2:1-7:12
MERGED from [androidx.compose.ui:ui-unit-android:1.7.1] AndroidManifest.xml:2:1-7:12
MERGED from [androidx.compose.ui:ui-util-android:1.7.1] AndroidManifest.xml:2:1-7:12
MERGED from [androidx.compose.ui:ui-geometry-android:1.7.1] AndroidManifest.xml:2:1-7:12
MERGED from [androidx.compose.ui:ui-tooling-preview-android:1.7.1] AndroidManifest.xml:17:1-22:12
MERGED from [androidx.compose.ui:ui-graphics-android:1.7.1] AndroidManifest.xml:2:1-7:12
MERGED from [androidx.compose.ui:ui-test-manifest:1.7.1] AndroidManifest.xml:17:1-28:12
MERGED from [androidx.compose.ui:ui-tooling-android:1.7.1] AndroidManifest.xml:17:1-28:12
MERGED from [androidx.savedstate:savedstate-ktx:1.2.1] AndroidManifest.xml:17:1-22:12
MERGED from [androidx.savedstate:savedstate:1.2.1] AndroidManifest.xml:17:1-22:12
MERGED from [androidx.emoji2:emoji2:1.3.0] AndroidManifest.xml:17:1-35:12
MERGED from [androidx.lifecycle:lifecycle-process:2.8.5] AndroidManifest.xml:17:1-35:12
MERGED from [androidx.lifecycle:lifecycle-runtime-compose-android:2.8.5] AndroidManifest.xml:2:1-7:12
MERGED from [androidx.lifecycle:lifecycle-livedata-core-ktx:2.8.5] AndroidManifest.xml:2:1-7:12
MERGED from [androidx.lifecycle:lifecycle-runtime-android:2.8.5] AndroidManifest.xml:17:1-22:12
MERGED from [androidx.lifecycle:lifecycle-viewmodel:2.8.5] AndroidManifest.xml:2:1-5:12
MERGED from [androidx.lifecycle:lifecycle-viewmodel-android:2.8.5] AndroidManifest.xml:17:1-22:12
MERGED from [androidx.lifecycle:lifecycle-livedata:2.8.5] AndroidManifest.xml:17:1-22:12
MERGED from [androidx.lifecycle:lifecycle-viewmodel-ktx:2.8.5] AndroidManifest.xml:2:1-7:12
MERGED from [androidx.lifecycle:lifecycle-livedata-core:2.8.5] AndroidManifest.xml:17:1-22:12
MERGED from [androidx.lifecycle:lifecycle-viewmodel-savedstate:2.8.5] AndroidManifest.xml:17:1-22:12
MERGED from [androidx.lifecycle:lifecycle-runtime-ktx-android:2.8.5] AndroidManifest.xml:2:1-7:12
MERGED from [androidx.lifecycle:lifecycle-viewmodel-compose-android:2.8.5] AndroidManifest.xml:2:1-7:12
MERGED from [androidx.compose.material:material-icons-core-android:1.7.1] AndroidManifest.xml:2:1-7:12
MERGED from [androidx.compose.ui:ui-android:1.7.1] AndroidManifest.xml:2:1-7:12
MERGED from [androidx.activity:activity-ktx:1.9.2] AndroidManifest.xml:2:1-7:12
MERGED from [androidx.activity:activity-compose:1.9.2] AndroidManifest.xml:2:1-7:12
MERGED from [androidx.activity:activity:1.9.2] AndroidManifest.xml:17:1-22:12
MERGED from [androidx.appcompat:appcompat-resources:1.1.0] AndroidManifest.xml:17:1-24:12
MERGED from [androidx.drawerlayout:drawerlayout:1.0.0] AndroidManifest.xml:17:1-22:12
MERGED from [androidx.viewpager:viewpager:1.0.0] AndroidManifest.xml:17:1-22:12
MERGED from [androidx.media:media:1.0.0] AndroidManifest.xml:17:1-22:12
MERGED from [androidx.vectordrawable:vectordrawable-animated:1.1.0] AndroidManifest.xml:17:1-24:12
MERGED from [androidx.vectordrawable:vectordrawable:1.1.0] AndroidManifest.xml:17:1-24:12
MERGED from [androidx.coordinatorlayout:coordinatorlayout:1.0.0] AndroidManifest.xml:17:1-22:12
MERGED from [androidx.slidingpanelayout:slidingpanelayout:1.0.0] AndroidManifest.xml:17:1-22:12
MERGED from [androidx.customview:customview:1.0.0] AndroidManifest.xml:17:1-22:12
MERGED from [androidx.autofill:autofill:1.0.0] AndroidManifest.xml:17:1-24:12
MERGED from [androidx.graphics:graphics-path:1.0.1] AndroidManifest.xml:2:1-7:12
MERGED from [androidx.swiperefreshlayout:swiperefreshlayout:1.0.0] AndroidManifest.xml:17:1-22:12
MERGED from [androidx.asynclayoutinflater:asynclayoutinflater:1.0.0] AndroidManifest.xml:17:1-22:12
MERGED from [androidx.core:core:1.13.1] AndroidManifest.xml:17:1-30:12
MERGED from [com.facebook.android:facebook-bolts:17.0.1] AndroidManifest.xml:9:1-19:12
MERGED from [androidx.customview:customview-poolingcontainer:1.0.0] AndroidManifest.xml:17:1-23:12
MERGED from [androidx.core:core-ktx:1.13.1] AndroidManifest.xml:2:1-7:12
MERGED from [androidx.datastore:datastore-core-android:1.1.1] AndroidManifest.xml:2:1-7:12
MERGED from [androidx.datastore:datastore-android:1.1.1] AndroidManifest.xml:17:1-22:12
MERGED from [androidx.datastore:datastore-preferences-android:1.1.1] AndroidManifest.xml:17:1-22:12
MERGED from [androidx.compose.runtime:runtime-saveable-android:1.7.1] AndroidManifest.xml:2:1-7:12
MERGED from [androidx.compose.runtime:runtime-android:1.7.1] AndroidManifest.xml:2:1-7:12
MERGED from [androidx.annotation:annotation-experimental:1.4.1] AndroidManifest.xml:2:1-7:12
MERGED from [androidx.versionedparcelable:versionedparcelable:1.1.1] AndroidManifest.xml:17:1-27:12
MERGED from [androidx.cardview:cardview:1.0.0] AndroidManifest.xml:17:1-22:12
MERGED from [androidx.cursoradapter:cursoradapter:1.0.0] AndroidManifest.xml:17:1-22:12
MERGED from [androidx.interpolator:interpolator:1.0.0] AndroidManifest.xml:17:1-22:12
MERGED from [androidx.profileinstaller:profileinstaller:1.3.1] AndroidManifest.xml:17:1-55:12
MERGED from [androidx.startup:startup-runtime:1.1.1] AndroidManifest.xml:17:1-33:12
MERGED from [androidx.tracing:tracing:1.0.0] AndroidManifest.xml:17:1-24:12
MERGED from [androidx.documentfile:documentfile:1.0.0] AndroidManifest.xml:17:1-22:12
MERGED from [androidx.localbroadcastmanager:localbroadcastmanager:1.0.0] AndroidManifest.xml:17:1-22:12
MERGED from [androidx.print:print:1.0.0] AndroidManifest.xml:17:1-22:12
MERGED from [androidx.arch.core:core-runtime:2.2.0] AndroidManifest.xml:17:1-22:12
MERGED from [com.google.dagger:dagger-lint-aar:2.51.1] AndroidManifest.xml:16:1-19:12
MERGED from [com.android.installreferrer:installreferrer:1.0] AndroidManifest.xml:2:1-13:12
	package
		INJECTED from src\main\AndroidManifest.xml
	android:versionName
		INJECTED from src\main\AndroidManifest.xml
	xmlns:tools
		ADDED from src\main\AndroidManifest.xml:3:5-51
	android:versionCode
		INJECTED from src\main\AndroidManifest.xml
	xmlns:android
		ADDED from src\main\AndroidManifest.xml:2:11-69
uses-feature#android.hardware.camera
ADDED from src\main\AndroidManifest.xml:5:5-59
	android:name
		ADDED from src\main\AndroidManifest.xml:5:19-57
uses-permission#android.permission.READ_EXTERNAL_STORAGE
ADDED from src\main\AndroidManifest.xml:7:5-8:38
	android:maxSdkVersion
		ADDED from src\main\AndroidManifest.xml:8:9-35
	android:name
		ADDED from src\main\AndroidManifest.xml:7:22-77
uses-permission#android.permission.INTERNET
ADDED from src\main\AndroidManifest.xml:9:5-66
	android:name
		ADDED from src\main\AndroidManifest.xml:9:22-64
uses-permission#android.permission.CAMERA
ADDED from src\main\AndroidManifest.xml:10:5-64
	android:name
		ADDED from src\main\AndroidManifest.xml:10:22-62
application
ADDED from src\main\AndroidManifest.xml:12:5-49:19
INJECTED from src\main\AndroidManifest.xml:12:5-49:19
MERGED from [com.facebook.android:facebook-login:17.0.1] AndroidManifest.xml:16:5-17:19
MERGED from [com.facebook.android:facebook-login:17.0.1] AndroidManifest.xml:16:5-17:19
MERGED from [androidx.credentials:credentials-play-services-auth:1.3.0-beta01] AndroidManifest.xml:23:5-42:19
MERGED from [androidx.credentials:credentials-play-services-auth:1.3.0-beta01] AndroidManifest.xml:23:5-42:19
MERGED from [com.facebook.android:facebook-common:17.0.1] AndroidManifest.xml:21:5-42:19
MERGED from [com.facebook.android:facebook-common:17.0.1] AndroidManifest.xml:21:5-42:19
MERGED from [com.facebook.android:facebook-core:17.0.1] AndroidManifest.xml:18:5-48:19
MERGED from [com.facebook.android:facebook-core:17.0.1] AndroidManifest.xml:18:5-48:19
MERGED from [com.google.android.gms:play-services-auth:21.1.1] AndroidManifest.xml:22:5-38:19
MERGED from [com.google.android.gms:play-services-auth:21.1.1] AndroidManifest.xml:22:5-38:19
MERGED from [com.google.android.gms:play-services-fido:21.0.0] AndroidManifest.xml:7:5-8:19
MERGED from [com.google.android.gms:play-services-fido:21.0.0] AndroidManifest.xml:7:5-8:19
MERGED from [com.google.android.gms:play-services-base:18.3.0] AndroidManifest.xml:19:5-23:19
MERGED from [com.google.android.gms:play-services-base:18.3.0] AndroidManifest.xml:19:5-23:19
MERGED from [com.google.android.gms:play-services-tasks:18.1.0] AndroidManifest.xml:5:5-20
MERGED from [com.google.android.gms:play-services-tasks:18.1.0] AndroidManifest.xml:5:5-20
MERGED from [com.google.android.gms:play-services-basement:18.3.0] AndroidManifest.xml:20:5-24:19
MERGED from [com.google.android.gms:play-services-basement:18.3.0] AndroidManifest.xml:20:5-24:19
MERGED from [androidx.compose.ui:ui-test-manifest:1.7.1] AndroidManifest.xml:22:5-26:19
MERGED from [androidx.compose.ui:ui-test-manifest:1.7.1] AndroidManifest.xml:22:5-26:19
MERGED from [androidx.compose.ui:ui-tooling-android:1.7.1] AndroidManifest.xml:22:5-26:19
MERGED from [androidx.compose.ui:ui-tooling-android:1.7.1] AndroidManifest.xml:22:5-26:19
MERGED from [androidx.emoji2:emoji2:1.3.0] AndroidManifest.xml:23:5-33:19
MERGED from [androidx.emoji2:emoji2:1.3.0] AndroidManifest.xml:23:5-33:19
MERGED from [androidx.lifecycle:lifecycle-process:2.8.5] AndroidManifest.xml:23:5-33:19
MERGED from [androidx.lifecycle:lifecycle-process:2.8.5] AndroidManifest.xml:23:5-33:19
MERGED from [androidx.core:core:1.13.1] AndroidManifest.xml:28:5-89
MERGED from [androidx.core:core:1.13.1] AndroidManifest.xml:28:5-89
MERGED from [com.facebook.android:facebook-bolts:17.0.1] AndroidManifest.xml:16:5-17:19
MERGED from [com.facebook.android:facebook-bolts:17.0.1] AndroidManifest.xml:16:5-17:19
MERGED from [androidx.versionedparcelable:versionedparcelable:1.1.1] AndroidManifest.xml:24:5-25:19
MERGED from [androidx.versionedparcelable:versionedparcelable:1.1.1] AndroidManifest.xml:24:5-25:19
MERGED from [androidx.profileinstaller:profileinstaller:1.3.1] AndroidManifest.xml:23:5-53:19
MERGED from [androidx.profileinstaller:profileinstaller:1.3.1] AndroidManifest.xml:23:5-53:19
MERGED from [androidx.startup:startup-runtime:1.1.1] AndroidManifest.xml:25:5-31:19
MERGED from [androidx.startup:startup-runtime:1.1.1] AndroidManifest.xml:25:5-31:19
MERGED from [com.android.installreferrer:installreferrer:1.0] AndroidManifest.xml:11:5-20
MERGED from [com.android.installreferrer:installreferrer:1.0] AndroidManifest.xml:11:5-20
	android:extractNativeLibs
		INJECTED from src\main\AndroidManifest.xml
	android:appComponentFactory
		ADDED from [androidx.core:core:1.13.1] AndroidManifest.xml:28:18-86
	android:supportsRtl
		ADDED from src\main\AndroidManifest.xml:20:9-35
	android:label
		ADDED from src\main\AndroidManifest.xml:18:9-41
	android:fullBackupContent
		ADDED from src\main\AndroidManifest.xml:16:9-54
	android:roundIcon
		ADDED from src\main\AndroidManifest.xml:19:9-54
	tools:targetApi
		ADDED from src\main\AndroidManifest.xml:22:9-29
	android:icon
		ADDED from src\main\AndroidManifest.xml:17:9-43
	android:allowBackup
		ADDED from src\main\AndroidManifest.xml:14:9-35
	android:theme
		ADDED from src\main\AndroidManifest.xml:21:9-51
	android:dataExtractionRules
		ADDED from src\main\AndroidManifest.xml:15:9-65
	android:name
		ADDED from src\main\AndroidManifest.xml:13:9-35
activity#com.rspk.internproject.MainActivity
ADDED from src\main\AndroidManifest.xml:23:9-32:20
	android:exported
		ADDED from src\main\AndroidManifest.xml:25:13-36
	android:theme
		ADDED from src\main\AndroidManifest.xml:26:13-55
	android:name
		ADDED from src\main\AndroidManifest.xml:24:13-41
intent-filter#action:name:android.intent.action.MAIN+category:name:android.intent.category.LAUNCHER
ADDED from src\main\AndroidManifest.xml:27:13-31:29
action#android.intent.action.MAIN
ADDED from src\main\AndroidManifest.xml:28:17-69
	android:name
		ADDED from src\main\AndroidManifest.xml:28:25-66
category#android.intent.category.LAUNCHER
ADDED from src\main\AndroidManifest.xml:30:17-77
	android:name
		ADDED from src\main\AndroidManifest.xml:30:27-74
activity#com.facebook.FacebookActivity
ADDED from src\main\AndroidManifest.xml:33:9-36:48
MERGED from [com.facebook.android:facebook-common:17.0.1] AndroidManifest.xml:22:9-25:66
MERGED from [com.facebook.android:facebook-common:17.0.1] AndroidManifest.xml:22:9-25:66
	android:label
		ADDED from src\main\AndroidManifest.xml:36:13-45
	android:configChanges
		ADDED from src\main\AndroidManifest.xml:34:13-114
	android:theme
		ADDED from [com.facebook.android:facebook-common:17.0.1] AndroidManifest.xml:25:13-63
	android:name
		ADDED from src\main\AndroidManifest.xml:33:19-63
activity#com.facebook.CustomTabActivity
ADDED from src\main\AndroidManifest.xml:37:9-46:20
MERGED from [com.facebook.android:facebook-common:17.0.1] AndroidManifest.xml:27:9-41:20
MERGED from [com.facebook.android:facebook-common:17.0.1] AndroidManifest.xml:27:9-41:20
	android:exported
		ADDED from src\main\AndroidManifest.xml:39:13-36
	android:name
		ADDED from src\main\AndroidManifest.xml:38:13-58
intent-filter#action:name:android.intent.action.VIEW+category:name:android.intent.category.BROWSABLE+category:name:android.intent.category.DEFAULT+data:scheme:@string/fb_login_protocol_scheme
ADDED from src\main\AndroidManifest.xml:40:13-45:29
action#android.intent.action.VIEW
ADDED from src\main\AndroidManifest.xml:41:17-69
	android:name
		ADDED from src\main\AndroidManifest.xml:41:25-66
category#android.intent.category.DEFAULT
ADDED from src\main\AndroidManifest.xml:42:17-76
	android:name
		ADDED from src\main\AndroidManifest.xml:42:27-73
category#android.intent.category.BROWSABLE
ADDED from src\main\AndroidManifest.xml:43:17-78
	android:name
		ADDED from src\main\AndroidManifest.xml:43:27-75
data
ADDED from src\main\AndroidManifest.xml:44:17-75
	android:scheme
		ADDED from src\main\AndroidManifest.xml:44:23-72
meta-data#com.facebook.sdk.ApplicationId
ADDED from src\main\AndroidManifest.xml:47:9-107
	android:value
		ADDED from src\main\AndroidManifest.xml:47:66-105
	android:name
		ADDED from src\main\AndroidManifest.xml:47:20-65
meta-data#com.facebook.sdk.ClientToken
ADDED from src\main\AndroidManifest.xml:48:9-111
	android:value
		ADDED from src\main\AndroidManifest.xml:48:64-109
	android:name
		ADDED from src\main\AndroidManifest.xml:48:20-63
uses-sdk
INJECTED from src\main\AndroidManifest.xml reason: use-sdk injection requested
INJECTED from src\main\AndroidManifest.xml
INJECTED from src\main\AndroidManifest.xml
MERGED from [com.facebook.android:facebook-login:17.0.1] AndroidManifest.xml:12:5-14:41
MERGED from [com.facebook.android:facebook-login:17.0.1] AndroidManifest.xml:12:5-14:41
MERGED from [androidx.credentials:credentials:1.3.0-beta01] AndroidManifest.xml:5:5-44
MERGED from [androidx.credentials:credentials:1.3.0-beta01] AndroidManifest.xml:5:5-44
MERGED from [androidx.credentials:credentials-play-services-auth:1.3.0-beta01] AndroidManifest.xml:21:5-44
MERGED from [androidx.credentials:credentials-play-services-auth:1.3.0-beta01] AndroidManifest.xml:21:5-44
MERGED from [com.google.android.libraries.identity.googleid:googleid:1.1.1] AndroidManifest.xml:5:5-44
MERGED from [com.google.android.libraries.identity.googleid:googleid:1.1.1] AndroidManifest.xml:5:5-44
MERGED from [com.google.dagger:hilt-android:2.51.1] AndroidManifest.xml:18:3-42
MERGED from [com.google.dagger:hilt-android:2.51.1] AndroidManifest.xml:18:3-42
MERGED from [androidx.navigation:navigation-common:2.8.0] AndroidManifest.xml:20:5-44
MERGED from [androidx.navigation:navigation-common:2.8.0] AndroidManifest.xml:20:5-44
MERGED from [androidx.navigation:navigation-runtime:2.8.0] AndroidManifest.xml:20:5-44
MERGED from [androidx.navigation:navigation-runtime:2.8.0] AndroidManifest.xml:20:5-44
MERGED from [androidx.navigation:navigation-common-ktx:2.8.0] AndroidManifest.xml:5:5-44
MERGED from [androidx.navigation:navigation-common-ktx:2.8.0] AndroidManifest.xml:5:5-44
MERGED from [androidx.navigation:navigation-runtime-ktx:2.8.0] AndroidManifest.xml:5:5-44
MERGED from [androidx.navigation:navigation-runtime-ktx:2.8.0] AndroidManifest.xml:5:5-44
MERGED from [androidx.navigation:navigation-compose:2.8.0] AndroidManifest.xml:5:5-44
MERGED from [androidx.navigation:navigation-compose:2.8.0] AndroidManifest.xml:5:5-44
MERGED from [com.facebook.android:facebook-common:17.0.1] AndroidManifest.xml:13:5-15:41
MERGED from [com.facebook.android:facebook-common:17.0.1] AndroidManifest.xml:13:5-15:41
MERGED from [com.facebook.android:facebook-core:17.0.1] AndroidManifest.xml:12:5-14:41
MERGED from [com.facebook.android:facebook-core:17.0.1] AndroidManifest.xml:12:5-14:41
MERGED from [androidx.appcompat:appcompat:1.1.0] AndroidManifest.xml:20:5-22:41
MERGED from [androidx.appcompat:appcompat:1.1.0] AndroidManifest.xml:20:5-22:41
MERGED from [androidx.legacy:legacy-support-v4:1.0.0] AndroidManifest.xml:20:5-44
MERGED from [androidx.legacy:legacy-support-v4:1.0.0] AndroidManifest.xml:20:5-44
MERGED from [androidx.browser:browser:1.0.0] AndroidManifest.xml:20:5-44
MERGED from [androidx.browser:browser:1.0.0] AndroidManifest.xml:20:5-44
MERGED from [androidx.legacy:legacy-support-core-ui:1.0.0] AndroidManifest.xml:20:5-44
MERGED from [androidx.legacy:legacy-support-core-ui:1.0.0] AndroidManifest.xml:20:5-44
MERGED from [androidx.legacy:legacy-support-core-utils:1.0.0] AndroidManifest.xml:20:5-44
MERGED from [androidx.legacy:legacy-support-core-utils:1.0.0] AndroidManifest.xml:20:5-44
MERGED from [com.google.android.gms:play-services-auth:21.1.1] AndroidManifest.xml:20:5-44
MERGED from [com.google.android.gms:play-services-auth:21.1.1] AndroidManifest.xml:20:5-44
MERGED from [com.google.android.gms:play-services-fido:21.0.0] AndroidManifest.xml:5:5-44
MERGED from [com.google.android.gms:play-services-fido:21.0.0] AndroidManifest.xml:5:5-44
MERGED from [com.google.android.gms:play-services-auth-api-phone:18.0.2] AndroidManifest.xml:5:5-44
MERGED from [com.google.android.gms:play-services-auth-api-phone:18.0.2] AndroidManifest.xml:5:5-44
MERGED from [com.google.android.gms:play-services-auth-base:18.0.10] AndroidManifest.xml:5:5-44
MERGED from [com.google.android.gms:play-services-auth-base:18.0.10] AndroidManifest.xml:5:5-44
MERGED from [com.google.android.gms:play-services-base:18.3.0] AndroidManifest.xml:18:5-43
MERGED from [com.google.android.gms:play-services-base:18.3.0] AndroidManifest.xml:18:5-43
MERGED from [com.google.android.gms:play-services-tasks:18.1.0] AndroidManifest.xml:4:5-43
MERGED from [com.google.android.gms:play-services-tasks:18.1.0] AndroidManifest.xml:4:5-43
MERGED from [com.google.android.gms:play-services-basement:18.3.0] AndroidManifest.xml:18:5-43
MERGED from [com.google.android.gms:play-services-basement:18.3.0] AndroidManifest.xml:18:5-43
MERGED from [androidx.fragment:fragment:1.5.7] AndroidManifest.xml:20:5-22:41
MERGED from [androidx.fragment:fragment:1.5.7] AndroidManifest.xml:20:5-22:41
MERGED from [androidx.loader:loader:1.0.0] AndroidManifest.xml:20:5-44
MERGED from [androidx.loader:loader:1.0.0] AndroidManifest.xml:20:5-44
MERGED from [androidx.compose.material3:material3-android:1.3.0] AndroidManifest.xml:20:5-44
MERGED from [androidx.compose.material3:material3-android:1.3.0] AndroidManifest.xml:20:5-44
MERGED from [androidx.compose.material:material-android:1.7.1] AndroidManifest.xml:5:5-44
MERGED from [androidx.compose.material:material-android:1.7.1] AndroidManifest.xml:5:5-44
MERGED from [androidx.compose.material:material-ripple-android:1.7.1] AndroidManifest.xml:5:5-44
MERGED from [androidx.compose.material:material-ripple-android:1.7.1] AndroidManifest.xml:5:5-44
MERGED from [androidx.compose.foundation:foundation-android:1.7.1] AndroidManifest.xml:5:5-44
MERGED from [androidx.compose.foundation:foundation-android:1.7.1] AndroidManifest.xml:5:5-44
MERGED from [androidx.compose.foundation:foundation-layout-android:1.7.1] AndroidManifest.xml:5:5-44
MERGED from [androidx.compose.foundation:foundation-layout-android:1.7.1] AndroidManifest.xml:5:5-44
MERGED from [androidx.compose.animation:animation-core-android:1.7.1] AndroidManifest.xml:5:5-44
MERGED from [androidx.compose.animation:animation-core-android:1.7.1] AndroidManifest.xml:5:5-44
MERGED from [androidx.compose.animation:animation-android:1.7.1] AndroidManifest.xml:5:5-44
MERGED from [androidx.compose.animation:animation-android:1.7.1] AndroidManifest.xml:5:5-44
MERGED from [androidx.compose.ui:ui-tooling-data-android:1.7.1] AndroidManifest.xml:5:5-44
MERGED from [androidx.compose.ui:ui-tooling-data-android:1.7.1] AndroidManifest.xml:5:5-44
MERGED from [androidx.compose.ui:ui-text-android:1.7.1] AndroidManifest.xml:5:5-44
MERGED from [androidx.compose.ui:ui-text-android:1.7.1] AndroidManifest.xml:5:5-44
MERGED from [androidx.compose.ui:ui-unit-android:1.7.1] AndroidManifest.xml:5:5-44
MERGED from [androidx.compose.ui:ui-unit-android:1.7.1] AndroidManifest.xml:5:5-44
MERGED from [androidx.compose.ui:ui-util-android:1.7.1] AndroidManifest.xml:5:5-44
MERGED from [androidx.compose.ui:ui-util-android:1.7.1] AndroidManifest.xml:5:5-44
MERGED from [androidx.compose.ui:ui-geometry-android:1.7.1] AndroidManifest.xml:5:5-44
MERGED from [androidx.compose.ui:ui-geometry-android:1.7.1] AndroidManifest.xml:5:5-44
MERGED from [androidx.compose.ui:ui-tooling-preview-android:1.7.1] AndroidManifest.xml:20:5-44
MERGED from [androidx.compose.ui:ui-tooling-preview-android:1.7.1] AndroidManifest.xml:20:5-44
MERGED from [androidx.compose.ui:ui-graphics-android:1.7.1] AndroidManifest.xml:5:5-44
MERGED from [androidx.compose.ui:ui-graphics-android:1.7.1] AndroidManifest.xml:5:5-44
MERGED from [androidx.compose.ui:ui-test-manifest:1.7.1] AndroidManifest.xml:20:5-44
MERGED from [androidx.compose.ui:ui-test-manifest:1.7.1] AndroidManifest.xml:20:5-44
MERGED from [androidx.compose.ui:ui-tooling-android:1.7.1] AndroidManifest.xml:20:5-44
MERGED from [androidx.compose.ui:ui-tooling-android:1.7.1] AndroidManifest.xml:20:5-44
MERGED from [androidx.savedstate:savedstate-ktx:1.2.1] AndroidManifest.xml:20:5-44
MERGED from [androidx.savedstate:savedstate-ktx:1.2.1] AndroidManifest.xml:20:5-44
MERGED from [androidx.savedstate:savedstate:1.2.1] AndroidManifest.xml:20:5-44
MERGED from [androidx.savedstate:savedstate:1.2.1] AndroidManifest.xml:20:5-44
MERGED from [androidx.emoji2:emoji2:1.3.0] AndroidManifest.xml:21:5-44
MERGED from [androidx.emoji2:emoji2:1.3.0] AndroidManifest.xml:21:5-44
MERGED from [androidx.lifecycle:lifecycle-process:2.8.5] AndroidManifest.xml:21:5-44
MERGED from [androidx.lifecycle:lifecycle-process:2.8.5] AndroidManifest.xml:21:5-44
MERGED from [androidx.lifecycle:lifecycle-runtime-compose-android:2.8.5] AndroidManifest.xml:5:5-44
MERGED from [androidx.lifecycle:lifecycle-runtime-compose-android:2.8.5] AndroidManifest.xml:5:5-44
MERGED from [androidx.lifecycle:lifecycle-livedata-core-ktx:2.8.5] AndroidManifest.xml:5:5-44
MERGED from [androidx.lifecycle:lifecycle-livedata-core-ktx:2.8.5] AndroidManifest.xml:5:5-44
MERGED from [androidx.lifecycle:lifecycle-runtime-android:2.8.5] AndroidManifest.xml:20:5-44
MERGED from [androidx.lifecycle:lifecycle-runtime-android:2.8.5] AndroidManifest.xml:20:5-44
MERGED from [androidx.lifecycle:lifecycle-viewmodel:2.8.5] AndroidManifest.xml:4:5-43
MERGED from [androidx.lifecycle:lifecycle-viewmodel:2.8.5] AndroidManifest.xml:4:5-43
MERGED from [androidx.lifecycle:lifecycle-viewmodel-android:2.8.5] AndroidManifest.xml:20:5-44
MERGED from [androidx.lifecycle:lifecycle-viewmodel-android:2.8.5] AndroidManifest.xml:20:5-44
MERGED from [androidx.lifecycle:lifecycle-livedata:2.8.5] AndroidManifest.xml:20:5-44
MERGED from [androidx.lifecycle:lifecycle-livedata:2.8.5] AndroidManifest.xml:20:5-44
MERGED from [androidx.lifecycle:lifecycle-viewmodel-ktx:2.8.5] AndroidManifest.xml:5:5-44
MERGED from [androidx.lifecycle:lifecycle-viewmodel-ktx:2.8.5] AndroidManifest.xml:5:5-44
MERGED from [androidx.lifecycle:lifecycle-livedata-core:2.8.5] AndroidManifest.xml:20:5-44
MERGED from [androidx.lifecycle:lifecycle-livedata-core:2.8.5] AndroidManifest.xml:20:5-44
MERGED from [androidx.lifecycle:lifecycle-viewmodel-savedstate:2.8.5] AndroidManifest.xml:20:5-44
MERGED from [androidx.lifecycle:lifecycle-viewmodel-savedstate:2.8.5] AndroidManifest.xml:20:5-44
MERGED from [androidx.lifecycle:lifecycle-runtime-ktx-android:2.8.5] AndroidManifest.xml:5:5-44
MERGED from [androidx.lifecycle:lifecycle-runtime-ktx-android:2.8.5] AndroidManifest.xml:5:5-44
MERGED from [androidx.lifecycle:lifecycle-viewmodel-compose-android:2.8.5] AndroidManifest.xml:5:5-44
MERGED from [androidx.lifecycle:lifecycle-viewmodel-compose-android:2.8.5] AndroidManifest.xml:5:5-44
MERGED from [androidx.compose.material:material-icons-core-android:1.7.1] AndroidManifest.xml:5:5-44
MERGED from [androidx.compose.material:material-icons-core-android:1.7.1] AndroidManifest.xml:5:5-44
MERGED from [androidx.compose.ui:ui-android:1.7.1] AndroidManifest.xml:5:5-44
MERGED from [androidx.compose.ui:ui-android:1.7.1] AndroidManifest.xml:5:5-44
MERGED from [androidx.activity:activity-ktx:1.9.2] AndroidManifest.xml:5:5-44
MERGED from [androidx.activity:activity-ktx:1.9.2] AndroidManifest.xml:5:5-44
MERGED from [androidx.activity:activity-compose:1.9.2] AndroidManifest.xml:5:5-44
MERGED from [androidx.activity:activity-compose:1.9.2] AndroidManifest.xml:5:5-44
MERGED from [androidx.activity:activity:1.9.2] AndroidManifest.xml:20:5-44
MERGED from [androidx.activity:activity:1.9.2] AndroidManifest.xml:20:5-44
MERGED from [androidx.appcompat:appcompat-resources:1.1.0] AndroidManifest.xml:20:5-22:41
MERGED from [androidx.appcompat:appcompat-resources:1.1.0] AndroidManifest.xml:20:5-22:41
MERGED from [androidx.drawerlayout:drawerlayout:1.0.0] AndroidManifest.xml:20:5-44
MERGED from [androidx.drawerlayout:drawerlayout:1.0.0] AndroidManifest.xml:20:5-44
MERGED from [androidx.viewpager:viewpager:1.0.0] AndroidManifest.xml:20:5-44
MERGED from [androidx.viewpager:viewpager:1.0.0] AndroidManifest.xml:20:5-44
MERGED from [androidx.media:media:1.0.0] AndroidManifest.xml:20:5-44
MERGED from [androidx.media:media:1.0.0] AndroidManifest.xml:20:5-44
MERGED from [androidx.vectordrawable:vectordrawable-animated:1.1.0] AndroidManifest.xml:20:5-22:41
MERGED from [androidx.vectordrawable:vectordrawable-animated:1.1.0] AndroidManifest.xml:20:5-22:41
MERGED from [androidx.vectordrawable:vectordrawable:1.1.0] AndroidManifest.xml:20:5-22:41
MERGED from [androidx.vectordrawable:vectordrawable:1.1.0] AndroidManifest.xml:20:5-22:41
MERGED from [androidx.coordinatorlayout:coordinatorlayout:1.0.0] AndroidManifest.xml:20:5-44
MERGED from [androidx.coordinatorlayout:coordinatorlayout:1.0.0] AndroidManifest.xml:20:5-44
MERGED from [androidx.slidingpanelayout:slidingpanelayout:1.0.0] AndroidManifest.xml:20:5-44